Exception `Sinatra::NotFound' at /Users/Alex/.rvm/gems/ruby-1.9.2-p180@selene/gems/sinatra-1.2.6/lib/sinatra/base.rb:774 - Sinatra::NotFound
Exception `Haml::SyntaxError' at /Users/Alex/.rvm/gems/ruby-1.9.2-p180@selene/gems/haml-3.1.1/lib/haml/parser.rb:341 - Illegal nesting: content can't be both given on the same line as %td and nested within it.
Exception `Haml::SyntaxError' at /Users/Alex/.rvm/gems/ruby-1.9.2-p180@selene/gems/haml-3.1.1/lib/haml/engine.rb:129 - Illegal nesting: content can't be both given on the same line as %td and nested within it.
Exception `Sinatra::NotFound' at /Users/Alex/.rvm/gems/ruby-1.9.2-p180@selene/gems/sinatra-1.2.6/lib/sinatra/base.rb:774 - Sinatra::NotFound
Exception `Sinatra::NotFound' at /Users/Alex/.rvm/gems/ruby-1.9.2-p180@selene/gems/sinatra-1.2.6/lib/sinatra/base.rb:774 - Sinatra::NotFound
Exception `Sinatra::NotFound' at /Users/Alex/.rvm/gems/ruby-1.9.2-p180@selene/gems/sinatra-1.2.6/lib/sinatra/base.rb:774 - Sinatra::NotFound
Exception `Sinatra::NotFound' at /Users/Alex/.rvm/gems/ruby-1.9.2-p180@selene/gems/sinatra-1.2.6/lib/sinatra/base.rb:774 - Sinatra::NotFound
Exception `Haml::SyntaxError' at /Users/Alex/.rvm/gems/ruby-1.9.2-p180@selene/gems/haml-3.1.1/lib/haml/parser.rb:341 - Illegal nesting: content can't be both given on the same line as %td and nested within it.
Exception `Haml::SyntaxError' at /Users/Alex/.rvm/gems/ruby-1.9.2-p180@selene/gems/haml-3.1.1/lib/haml/engine.rb:129 - Illegal nesting: content can't be both given on the same line as %td and nested within it.
Exception `Sinatra::NotFound' at /Users/Alex/.rvm/gems/ruby-1.9.2-p180@selene/gems/sinatra-1.2.6/lib/sinatra/base.rb:774 - Sinatra::NotFound
Exception `Sinatra::NotFound' at /Users/Alex/.rvm/gems/ruby-1.9.2-p180@selene/gems/sinatra-1.2.6/lib/sinatra/base.rb:774 - Sinatra::NotFound
Exception `Sinatra::NotFound' at /Users/Alex/.rvm/gems/ruby-1.9.2-p180@selene/gems/sinatra-1.2.6/lib/sinatra/base.rb:774 - Sinatra::NotFound
Exception `Sinatra::NotFound' at /Users/Alex/.rvm/gems/ruby-1.9.2-p180@selene/gems/sinatra-1.2.6/lib/sinatra/base.rb:774 - Sinatra::NotFound
Exception `Sinatra::NotFound' at /Users/Alex/.rvm/gems/ruby-1.9.2-p180@selene/gems/sinatra-1.2.6/lib/sinatra/base.rb:774 - Sinatra::NotFound
Exception `Sinatra::NotFound' at /Users/Alex/.rvm/gems/ruby-1.9.2-p180@selene/gems/sinatra-1.2.6/lib/sinatra/base.rb:774 - Sinatra::NotFound
Exception `Sinatra::NotFound' at /Users/Alex/.rvm/gems/ruby-1.9.2-p180@selene/gems/sinatra-1.2.6/lib/sinatra/base.rb:774 - Sinatra::NotFound
Exception `Sinatra::NotFound' at /Users/Alex/.rvm/gems/ruby-1.9.2-p180@selene/gems/sinatra-1.2.6/lib/sinatra/base.rb:774 - Sinatra::NotFound
Exception `Sinatra::NotFound' at /Users/Alex/.rvm/gems/ruby-1.9.2-p180@selene/gems/sinatra-1.2.6/lib/sinatra/base.rb:774 - Sinatra::NotFound
Exception `Sinatra::NotFound' at /Users/Alex/.rvm/gems/ruby-1.9.2-p180@selene/gems/sinatra-1.2.6/lib/sinatra/base.rb:774 - Sinatra::NotFound
Exception `Sinatra::NotFound' at /Users/Alex/.rvm/gems/ruby-1.9.2-p180@selene/gems/sinatra-1.2.6/lib/sinatra/base.rb:774 - Sinatra::NotFound
Exception `Sinatra::NotFound' at /Users/Alex/.rvm/gems/ruby-1.9.2-p180@selene/gems/sinatra-1.2.6/lib/sinatra/base.rb:774 - Sinatra::NotFound
Exception `Sinatra::NotFound' at /Users/Alex/.rvm/gems/ruby-1.9.2-p180@selene/gems/sinatra-1.2.6/lib/sinatra/base.rb:774 - Sinatra::NotFound
Exception `Sinatra::NotFound' at /Users/Alex/.rvm/gems/ruby-1.9.2-p180@selene/gems/sinatra-1.2.6/lib/sinatra/base.rb:774 - Sinatra::NotFound
Exception `Sinatra::NotFound' at /Users/Alex/.rvm/gems/ruby-1.9.2-p180@selene/gems/sinatra-1.2.6/lib/sinatra/base.rb:774 - Sinatra::NotFound
Exception `Sinatra::NotFound' at /Users/Alex/.rvm/gems/ruby-1.9.2-p180@selene/gems/sinatra-1.2.6/lib/sinatra/base.rb:774 - Sinatra::NotFound
Exception `Sinatra::NotFound' at /Users/Alex/.rvm/gems/ruby-1.9.2-p180@selene/gems/sinatra-1.2.6/lib/sinatra/base.rb:774 - Sinatra::NotFound
Exception `Sinatra::NotFound' at /Users/Alex/.rvm/gems/ruby-1.9.2-p180@selene/gems/sinatra-1.2.6/lib/sinatra/base.rb:774 - Sinatra::NotFound
Exception `Sinatra::NotFound' at /Users/Alex/.rvm/gems/ruby-1.9.2-p180@selene/gems/sinatra-1.2.6/lib/sinatra/base.rb:774 - Sinatra::NotFound
Exception `Sinatra::NotFound' at /Users/Alex/.rvm/gems/ruby-1.9.2-p180@selene/gems/sinatra-1.2.6/lib/sinatra/base.rb:774 - Sinatra::NotFound
Exception `Sinatra::NotFound' at /Users/Alex/.rvm/gems/ruby-1.9.2-p180@selene/gems/sinatra-1.2.6/lib/sinatra/base.rb:774 - Sinatra::NotFound
Exception `Sinatra::NotFound' at /Users/Alex/.rvm/gems/ruby-1.9.2-p180@selene/gems/sinatra-1.2.6/lib/sinatra/base.rb:774 - Sinatra::NotFound
Exception `Sinatra::NotFound' at /Users/Alex/.rvm/gems/ruby-1.9.2-p180@selene/gems/sinatra-1.2.6/lib/sinatra/base.rb:774 - Sinatra::NotFound
Exception `NameError' at /Users/Alex/Sites/www/selene/views/index.haml:40 - undefined local variable or method `used_memory' for #<Sinatra::Application:0x00000100a935e8>
Exception `NameError' at /Users/Alex/.rvm/gems/ruby-1.9.2-p180@selene/gems/tilt-1.3.2/lib/tilt/template.rb:209 - undefined local variable or method `used_memory' for #<Sinatra::Application:0x00000100a935e8>
Exception `Sinatra::NotFound' at /Users/Alex/.rvm/gems/ruby-1.9.2-p180@selene/gems/sinatra-1.2.6/lib/sinatra/base.rb:774 - Sinatra::NotFound
Exception `Sinatra::NotFound' at /Users/Alex/.rvm/gems/ruby-1.9.2-p180@selene/gems/sinatra-1.2.6/lib/sinatra/base.rb:774 - Sinatra::NotFound
Exception `Sinatra::NotFound' at /Users/Alex/.rvm/gems/ruby-1.9.2-p180@selene/gems/sinatra-1.2.6/lib/sinatra/base.rb:774 - Sinatra::NotFound
Exception `Sinatra::NotFound' at /Users/Alex/.rvm/gems/ruby-1.9.2-p180@selene/gems/sinatra-1.2.6/lib/sinatra/base.rb:774 - Sinatra::NotFound
